2024-03-11	17:43	0736290839	Välkommen till akvarellkursen 25/1, 18.00, Sköldvägen 16, Sollentuna Ram.\r\nDe som inte betalat kursen ännu kan gärna Swisha 1700:- till 0736290839.\r\nVid frågor, ring!\r\nMed glada hälsningar\r\nPeter & Ulrica\r\n#=1
2024-03-11	17:45	0736290839	Välkommen till akvarellkursen 25/1, 18.00, Sköldvägen 16, Sollentuna Ram.\r\nDe som inte betalat kursen ännu kan gärna Swisha 1700:- till 0736290839.\r\nVid frågor, ring!\r\nMed glada hälsningar\r\nPeter & Ulrica\r\n#=1
2024-03-12	00:29	0736290839	Välkommen till akvarellkursen 25/1, 18.00, Sköldvägen 16, Sollentuna Ram.\r\nDe som inte betalat kursen ännu kan gärna Swisha 1700:- till 0736290839.\r\nVid frågor, ring!\r\nMed glada hälsningar\r\nPeter & Ulrica\r\n#=1
2024-03-12	00:31	0736290839	Välkommen till akvarellkursen 25/1, 18.00, Sköldvägen 16, Sollentuna Ram.\r\nDe som inte betalat kursen ännu kan gärna Swisha 1700:- till 0736290839.\r\nVid frågor, ring!\r\nMed glada hälsningar\r\nPeter & Ulrica\r\n#=1
2024-03-12	00:44	0736290839	Välkommen till akvarellkursen 25/1, 18.00, Sköldvägen 16, Sollentuna Ram.\r\nDe som inte betalat kursen ännu kan gärna Swisha 1700:- till 0736290839.\r\nVid frågor, ring!\r\nMed glada hälsningar\r\nPeter & Ulrica\r\n#=1
2024-03-12	00:47	0736290839	Välkommen till akvarellkursen 25/1, 18.00, Sköldvägen 16, Sollentuna Ram.\r\nDe som inte betalat kursen ännu kan gärna Swisha 1700:- till 0736290839.\r\nVid frågor, ring!\r\nMed glada hälsningar\r\nPeter & Ulrica\r\n#=1
2024-03-12	00:49	0736290839	Välkommen till akvarellkursen 25/1, 18.00, Sköldvägen 16, Sollentuna Ram.\r\nDe som inte betalat kursen ännu kan gärna Swisha 1700:- till 0736290839.\r\nVid frågor, ring!\r\nMed glada hälsningar\r\nPeter & Ulrica\r\n#=1
2024-03-12	00:52	0736290839	Välkommen till akvarellkursen 25/1, 18.00, Sköldvägen 16, Sollentuna Ram.\r\nDe som inte betalat kursen ännu kan gärna Swisha 1700:- till 0736290839.\r\nVid frågor, ring!\r\nMed glada hälsningar\r\nPeter & Ulrica\r\n#=1
2024/03/19 09:21:49 Starting DELL-XPS
2024/03/19 09:21:49 Read 5 from ariasms.tel ok.
2024/03/19 09:21:59 Message 1/5 to phone +46736290839 sent! (failures: 0)
2024/03/19 09:22:09 Message 2/5 to phone +46736290839 sent! (failures: 0)
2024/03/19 09:22:19 Message 3/5 to phone +46736290839 sent! (failures: 0)
2024/03/19 09:22:28 Message 4/5 to phone +46736290839 sent! (failures: 0)
2024/03/19 09:22:38 Message 5/5 to phone +46736290839 sent! (failures: 0)
2024/03/19 09:22:38 
RESULT OF SMS SENDING
Failures: 0
Success: 5
2024/03/19 09:22:38 Started: 2024-03-19 09:21:49.6303618 +0100 CET m=+0.010983101
Finished: 2024-03-19 09:22:38.8992421 +0100 CET m=+49.279621901
Duration: 49.2686388s
